<?xml version="1.0" encoding="UTF-8"?>
<testng-results ignored="0" total="1" passed="1" failed="0" skipped="0">
  <reporter-output>
  </reporter-output>
  <suite started-at="2025-07-11T11:40:06 IST" name="Suite" finished-at="2025-07-11T11:40:22 IST" duration-ms="15629">
    <groups>
    </groups>
    <test started-at="2025-07-11T11:40:06 IST" name="Test" finished-at="2025-07-11T11:40:22 IST" duration-ms="15629">
      <class name="testcases.MyFirstTestFW">
        <test-method is-config="true" signature="setup()[pri:0, instance:testcases.MyFirstTestFW@1165b38]" started-at="2025-07-11T11:40:08 IST" name="setup" finished-at="2025-07-11T11:40:18 IST" duration-ms="10667" status="PASS">
          <reporter-output>
          </reporter-output>
        </test-method> <!-- setup -->
        <test-method signature="LoginTest(java.lang.String,java.lang.String)[pri:0, instance:testcases.MyFirstTestFW@1165b38]" started-at="2025-07-11T11:40:18 IST" name="LoginTest" data-provider="logindata" finished-at="2025-07-11T11:40:22 IST" duration-ms="3425" status="PASS">
          <params>
            <param index="0">
              <value>
                <![CDATA[ronypaulireland@gmail.com]]>
              </value>
            </param>
            <param index="1">
              <value>
                <![CDATA[Rony@zoho]]>
              </value>
            </param>
          </params>
          <reporter-output>
          </reporter-output>
        </test-method> <!-- LoginTest -->
        <test-method is-config="true" signature="tearDown()[pri:0, instance:testcases.MyFirstTestFW@1165b38]" started-at="2025-07-11T11:40:22 IST" name="tearDown" finished-at="2025-07-11T11:40:22 IST" duration-ms="169" status="PASS">
          <reporter-output>
          </reporter-output>
        </test-method> <!-- tearDown -->
      </class> <!-- testcases.MyFirstTestFW -->
    </test> <!-- Test -->
  </suite> <!-- Suite -->
</testng-results>
